make all --print-data-base --no-builtin-variables --no-builtin-rules --question
# GNU Make 4.2.1
# Built for x86_64-pc-linux-gnu
# Copyright (C) 1988-2016 Free Software Foundation, Inc.
# License GPLv3+: GNU GPL version 3 or later <http://gnu.org/licenses/gpl.html>
# This is free software: you are free to change and redistribute it.
# There is NO WARRANTY, to the extent permitted by law.

# Make data base, printed on Tue May 17 10:09:47 2022

# Variables

# automatic
<D = $(patsubst %/,%,$(dir $<))
# automatic
?F = $(notdir $?)
# environment
DESKTOP_SESSION = cinnamon
# default
.SHELLFLAGS := -c
# environment
XDG_SESSION_CLASS = user
# makefile (from 'Makefile', line 21)
SRC := src
# environment
XDG_SESSION_TYPE = x11
# environment
VSCODE_LOG_NATIVE = false
# environment
GTK3_MODULES = xapp-gtk3-module
# automatic
?D = $(patsubst %/,%,$(dir $?))
# makefile (from 'Makefile', line 48)
INCLUDES := -Iinclude
# automatic
@D = $(patsubst %/,%,$(dir $@))
# environment
XAUTHORITY = /home/alejandro/.Xauthority
# environment
GDMSESSION = cinnamon
# default
MAKE_VERSION := 4.2.1
# makefile
CURDIR := /home/alejandro/Escritorio/Proyecto EDA/Proyecto-EDA
# makefile
SHELL = /bin/sh
# makefile (from 'Makefile', line 43)
RM = rm -f
# environment
GDM_LANG = es_MX
# environment
VSCODE_NLS_CONFIG = {"locale":"es","availableLanguages":{"*":"es"},"_languagePackId":"125a9a608456aa5e8a25d0a18c7b1d68.es","_translationsConfigFile":"/home/alejandro/.config/Code/clp/125a9a608456aa5e8a25d0a18c7b1d68.es/tcf.json","_cacheRoot":"/home/alejandro/.config/Code/clp/125a9a608456aa5e8a25d0a18c7b1d68.es","_resolvedLanguagePackCoreLocation":"/home/alejandro/.config/Code/clp/125a9a608456aa5e8a25d0a18c7b1d68.es/da15b6fd3ef856477bf6f4fb29ba1b7af717770d","_corruptedFile":"/home/alejandro/.config/Code/clp/125a9a608456aa5e8a25d0a18c7b1d68.es/corrupted.info","_languagePackSupport":true}
# environment
_ = /usr/share/code/code
# makefile (from 'Makefile', line 10)
CFLAGS := -Wall -Wextra -g
# environment
XDG_CONFIG_DIRS = /etc/xdg/xdg-cinnamon:/etc/xdg
# environment
GTK_OVERLAY_SCROLLING = 1
# makefile (from 'Makefile', line 1)
MAKEFILE_LIST :=  Makefile
# automatic
@F = $(notdir $@)
# environment
GIO_LAUNCHED_DESKTOP_FILE = /home/alejandro/Escritorio/code.desktop
# 'override' directive
GNUMAKEFLAGS := 
# makefile (from 'Makefile', line 54)
SOURCES := src/PNodo.c src/CNodo.c src/main.c
# environment
MANDATORY_PATH = /usr/share/gconf/cinnamon.mandatory.path
# environment
XDG_DATA_DIRS = /usr/share/cinnamon:/usr/share/gnome:/home/alejandro/.local/share/flatpak/exports/share:/var/lib/flatpak/exports/share:/usr/local/share:/usr/share
# environment
DBUS_SESSION_BUS_ADDRESS = unix:path=/run/user/1000/bus
# environment
VSCODE_VERBOSE_LOGGING = true
# environment
LESSOPEN = | /usr/bin/lesspipe %s
# environment
VSCODE_CWD = /home/alejandro
# environment
XDG_SESSION_PATH = /org/freedesktop/DisplayManager/Session0
# default
MAKE_HOST := x86_64-pc-linux-gnu
# environment
PATH = /home/alejandro/.local/bin:/home/alejandro/.local/bin:/usr/local/sbin:/usr/local/bin:/usr/sbin:/usr/bin:/sbin:/bin:/usr/games:/usr/local/games:/snap/bin
# environment
GPG_AGENT_INFO = /run/user/1000/gnupg/S.gpg-agent:0:1
# environment
SESSION_MANAGER = local/alejandro-desktop:@/tmp/.ICE-unix/913,unix/alejandro-desktop:/tmp/.ICE-unix/913
# environment
XDG_RUNTIME_DIR = /run/user/1000
# makefile (from 'Makefile', line 41)
LIBDIRS := lib
# environment
VSCODE_LOG_STACK = false
# environment
ELECTRON_RUN_AS_NODE = 1
# makefile (from 'Makefile', line 27)
LIB := lib
# default
.FEATURES := target-specific order-only second-expansion else-if shortest-stem undefine oneshell archives jobserver output-sync check-symlink load
# environment
XDG_GREETER_DATA_DIR = /var/lib/lightdm-data/alejandro
# environment
LS_COLORS = 
# environment
INSIDE_NEMO_PYTHON = 
# environment
XDG_SESSION_DESKTOP = cinnamon
# environment
SSH_AUTH_SOCK = /run/user/1000/keyring/ssh
# environment
GIO_LAUNCHED_DESKTOP_FILE_PID = 2267
# automatic
%F = $(notdir $%)
# environment
DISPLAY = :0
# environment
VSCODE_PIPE_LOGGING = true
# environment
PWD = /home/alejandro/Escritorio/Proyecto EDA/Proyecto-EDA
# environment
QT_QPA_PLATFORMTHEME = qt5ct
# makefile (from 'Makefile', line 65)
OUTPUTMAIN := output/main
# default
.LOADED := 
# environment
XDG_SEAT = seat0
# environment
SSH_AGENT_PID = 1002
# environment
ORIGINAL_XDG_CURRENT_DESKTOP = X-Cinnamon
# environment
GTK_MODULES = gail:atk-bridge
# environment
VSCODE_AMD_ENTRYPOINT = vs/workbench/api/node/extensionHostProcess
# environment
HOME = /home/alejandro
# environment
LESSCLOSE = /usr/bin/lesspipe %s %s
# environment
VSCODE_CODE_CACHE_PATH = /home/alejandro/.config/Code/CachedData/da15b6fd3ef856477bf6f4fb29ba1b7af717770d
# environment
LOGNAME = alejandro
# environment
APPLICATION_INSIGHTS_NO_DIAGNOSTIC_CHANNEL = true
# makefile (from 'Makefile', line 40)
INCLUDEDIRS := include
# environment
VSCODE_HANDLES_UNCAUGHT_ERRORS = true
# environment
GNOME_DESKTOP_SESSION_ID = this-is-deprecated
# automatic
^D = $(patsubst %/,%,$(dir $^))
# makefile (from 'Makefile', line 44)
MD := mkdir -p
# environment
XDG_VTNR = 7
# environment
MAKELEVEL := 0
# default
MAKE = $(MAKE_COMMAND)
# default
MAKECMDGOALS := all
# environment
SHLVL = 0
# makefile (from 'Makefile', line 42)
FIXPATH = $1
# makefile (from 'Makefile', line 7)
CC = gcc
# environment
VSCODE_IPC_HOOK_EXTHOST = /run/user/1000/vscode-ipc-efbf8a37-8a4e-4b63-b006-00ced8a65e42.sock
# environment
XDG_SESSION_ID = c1
# environment
USER = alejandro
# makefile
.DEFAULT_GOAL := all
# makefile (from 'Makefile', line 24)
INCLUDE := include
# environment
XDG_CURRENT_DESKTOP = X-Cinnamon
# automatic
%D = $(patsubst %/,%,$(dir $%))
# makefile (from 'Makefile', line 15)
LFLAGS = 
# default
MAKE_COMMAND := make
# default
.VARIABLES := 
# automatic
*F = $(notdir $*)
# environment
LANGUAGE = es_MX:es
# environment
XDG_SEAT_PATH = /org/freedesktop/DisplayManager/Seat0
# environment
VSCODE_IPC_HOOK = /run/user/1000/vscode-c97850c2-1.67.1-main.sock
# makefile
MAKEFLAGS = pqrR
# environment
MFLAGS = -pqrR
# automatic
*D = $(patsubst %/,%,$(dir $*))
# environment
PT8HOME = /opt/pt
# makefile (from 'Makefile', line 38)
MAIN := main
# automatic
+D = $(patsubst %/,%,$(dir $+))
# environment
GDK_BACKEND = x11
# makefile (from 'Makefile', line 39)
SOURCEDIRS := src
# automatic
+F = $(notdir $+)
# environment
QT_ACCESSIBILITY = 1
# environment
DEFAULTS_PATH = /usr/share/gconf/cinnamon.default.path
# makefile (from 'Makefile', line 18)
OUTPUT := output
# 'override' directive
.SHELLSTATUS := 0
# default
MAKEFILES := 
# automatic
<F = $(notdir $<)
# environment
LC_ALL = C
# makefile (from 'Makefile', line 51)
LIBS := -Llib
# automatic
^F = $(notdir $^)
# default
SUFFIXES := 
# environment
CHROME_DESKTOP = code-url-handler.desktop
# default
.INCLUDE_DIRS = /usr/include /usr/local/include /usr/include
# default
.RECIPEPREFIX := 
# makefile (from 'Makefile', line 57)
OBJECTS := src/PNodo.o src/CNodo.o src/main.o
# environment
LANG = C
# environment
VSCODE_PID = 2267
# variable set hash-table stats:
# Load=120/1024=12%, Rehash=0, Collisions=12/183=7%

# Pattern-specific Variable Values

# No pattern-specific variable values.

# Directories

# . (device 2053, inode 1704165): 10 files, no impossibilities.
# src (device 2053, inode 1704740): 9 files, no impossibilities.

# 19 files, no impossibilities in 2 directories.

# Implicit Rules

# No implicit rules.

# Files

all: output main
#  Command line target.
#  Implicit rule search has not been done.
#  File does not exist.
#  File has been updated.
#  Needs to be updated (-q is set).
# variable set hash-table stats:
# Load=0/32=0%, Rehash=0, Collisions=0/10=0%
#  recipe to execute (from 'Makefile', line 68):
	@echo Executing 'all' complete!

.PHONY: clean
#  Implicit rule search has not been done.
#  Modification time never checked.
#  File has not been updated.

# Not a target:
src/main.o:
#  Implicit rule search has been done.
 
#  Last modified 2022-05-17 10:06:47.360211837
#  File has been updated.
#  Successfully updated.

# Not a target:
src/PNodo.o:
#  Implicit rule search has been done.
#  Last modified 2022-05-17 10:06:47.23621487
#  File has been updated.
#  Successfully updated.

# Not a target:
.SUFFIXES:
#  Implicit rule search has not been done.
#  Modification time never checked.
#  File has not been updated.

# Not a target:
Makefile:
#  Implicit rule search has been done.
#  Last modified 2022-05-17 09:26:55.156077492
#  File has been updated.
#  Successfully updated.

.c.o:
#  Implicit rule search has not been done.
#  Modification time never checked.
#  File has not been updated.
#  recipe to execute (from 'Makefile', line 81):
	$(CC) $(CFLAGS) $(INCLUDES) -c $<  -o $@

# Not a target:
src/CNodo.o:
#  Implicit rule search has been done.
#  Last modified 2022-05-17 10:06:47.276213892
#  File has been updated.
#  Successfully updated.

# Not a target:
.DEFAULT:
#  Implicit rule search has not been done.
#  Modification time never checked.
#  File has not been updated.

run: all
#  Implicit rule search has not been done.
#  Modification time never checked.
#  File has not been updated.
#  recipe to execute (from 'Makefile', line 90):
	./$(OUTPUTMAIN)
	@echo Executing 'run: all' complete!

clean:
#  Phony target (prerequisite of .PHONY).
#  Implicit rule search has not been done.
#  File does not exist.
#  File has not been updated.
#  recipe to execute (from 'Makefile', line 85):
	$(RM) $(OUTPUTMAIN)
	$(RM) $(call FIXPATH,$(OBJECTS))
	@echo Cleanup complete!

main: src/PNodo.o src/CNodo.o src/main.o
#  Implicit rule search has not been done.
#  Implicit/static pattern stem: ''
#  File does not exist.
#  File has been updated.
#  Needs to be updated (-q is set).
# automatic
# @ := main
# automatic
# % := 
# automatic
# * := 
# automatic
# + := src/PNodo.o src/CNodo.o src/main.o
# automatic
# | := 
# automatic
# < := src/PNodo.o
# automatic
# ^ := src/PNodo.o src/CNodo.o src/main.o
# automatic
# ? := src/PNodo.o src/CNodo.o src/main.o
# variable set hash-table stats:
# Load=8/32=25%, Rehash=0, Collisions=2/18=11%
#  recipe to execute (from 'Makefile', line 74):
	$(CC) $(CFLAGS) $(INCLUDES) -o $(OUTPUTMAIN) $(OBJECTS) $(LFLAGS) $(LIBS)

output:
#  Implicit rule search has not been done.
#  Last modified 2022-05-17 10:06:52.448087368
#  File has been updated.
#  Successfully updated.
#  recipe to execute (from 'Makefile', line 71):
	$(MD) $(OUTPUT)

# files hash-table stats:
# Load=13/1024=1%, Rehash=0, Collisions=0/35=0%
# VPATH Search Paths

# No 'vpath' search paths.

# No general ('VPATH' variable) search path.

# strcache buffers: 1 (0) / strings = 30 / storage = 230 B / avg = 7 B
# current buf: size = 8162 B / used = 230 B / count = 30 / avg = 7 B

# strcache performance: lookups = 51 / hit rate = 41%
# hash-table stats:
# Load=30/8192=0%, Rehash=0, Collisions=5/51=10%
# Finished Make data base on Tue May 17 10:09:47 2022

 
